  01_vector容器_构造函数.cpp
  02_vector容器_赋值操作.cpp
  03_vector容器_容量和大小.cpp
  04_vector容器_插入和删除.cpp
  05_vector容器_数据存取.cpp
C:\Users\Vikebt\source\repos\Project205\05_vector容器_数据存取.cpp(16,23): warning C4018: “<”: 有符号/无符号不匹配
C:\Users\Vikebt\source\repos\Project205\05_vector容器_数据存取.cpp(23,23): warning C4018: “<”: 有符号/无符号不匹配
  06_vector容器_互换容器.cpp
  07_vector容器_预留空间.cpp
  正在生成代码...
02_vector容器_赋值操作.obj : error LNK2005: "void __cdecl printVector(class std::vector<int,class std::allocator<int> > &)" (?printVector@@YAXAAV?$vector@HV?$allocator@H@std@@@std@@@Z) 已经在 01_vector容器_构造函数.obj 中定义
02_vector容器_赋值操作.obj : error LNK2005: "void __cdecl test01(void)" (?test01@@YAXXZ) 已经在 01_vector容器_构造函数.obj 中定义
02_vector容器_赋值操作.obj : error LNK2005: _main 已经在 01_vector容器_构造函数.obj 中定义
03_vector容器_容量和大小.obj : error LNK2005: "void __cdecl printVector(class std::vector<int,class std::allocator<int> > &)" (?printVector@@YAXAAV?$vector@HV?$allocator@H@std@@@std@@@Z) 已经在 01_vector容器_构造函数.obj 中定义
03_vector容器_容量和大小.obj : error LNK2005: "void __cdecl test01(void)" (?test01@@YAXXZ) 已经在 01_vector容器_构造函数.obj 中定义
03_vector容器_容量和大小.obj : error LNK2005: _main 已经在 01_vector容器_构造函数.obj 中定义
04_vector容器_插入和删除.obj : error LNK2005: "void __cdecl printVector(class std::vector<int,class std::allocator<int> > &)" (?printVector@@YAXAAV?$vector@HV?$allocator@H@std@@@std@@@Z) 已经在 01_vector容器_构造函数.obj 中定义
04_vector容器_插入和删除.obj : error LNK2005: "void __cdecl test01(void)" (?test01@@YAXXZ) 已经在 01_vector容器_构造函数.obj 中定义
04_vector容器_插入和删除.obj : error LNK2005: _main 已经在 01_vector容器_构造函数.obj 中定义
05_vector容器_数据存取.obj : error LNK2005: "void __cdecl test01(void)" (?test01@@YAXXZ) 已经在 01_vector容器_构造函数.obj 中定义
05_vector容器_数据存取.obj : error LNK2005: _main 已经在 01_vector容器_构造函数.obj 中定义
06_vector容器_互换容器.obj : error LNK2005: "void __cdecl printVector(class std::vector<int,class std::allocator<int> > &)" (?printVector@@YAXAAV?$vector@HV?$allocator@H@std@@@std@@@Z) 已经在 01_vector容器_构造函数.obj 中定义
06_vector容器_互换容器.obj : error LNK2005: "void __cdecl test01(void)" (?test01@@YAXXZ) 已经在 01_vector容器_构造函数.obj 中定义
06_vector容器_互换容器.obj : error LNK2005: _main 已经在 01_vector容器_构造函数.obj 中定义
07_vector容器_预留空间.obj : error LNK2005: "void __cdecl test01(void)" (?test01@@YAXXZ) 已经在 01_vector容器_构造函数.obj 中定义
07_vector容器_预留空间.obj : error LNK2005: _main 已经在 01_vector容器_构造函数.obj 中定义
C:\Users\Vikebt\source\repos\Project205\Debug\Project205.exe : fatal error LNK1169: 找到一个或多个多重定义的符号
