  Random_Access_Memor.cpp
C:\Users\Vikebt\source\repos\Project004\Random_Access_Memor.cpp(70,47): warning C4311: “类型强制转换”: 从“int *”到“int”的指针截断
C:\Users\Vikebt\source\repos\Project004\Random_Access_Memor.cpp(70,47): warning C4302: “类型强制转换”: 从“int *”到“int”截断
C:\Users\Vikebt\source\repos\Project004\Random_Access_Memor.cpp(71,47): warning C4311: “类型强制转换”: 从“int *”到“int”的指针截断
C:\Users\Vikebt\source\repos\Project004\Random_Access_Memor.cpp(71,47): warning C4302: “类型强制转换”: 从“int *”到“int”截断
C:\Users\Vikebt\source\repos\Project004\Random_Access_Memor.cpp(73,49): warning C4311: “类型强制转换”: 从“int *”到“int”的指针截断
C:\Users\Vikebt\source\repos\Project004\Random_Access_Memor.cpp(73,49): warning C4302: “类型强制转换”: 从“int *”到“int”截断
C:\Users\Vikebt\source\repos\Project004\Random_Access_Memor.cpp(74,49): warning C4311: “类型强制转换”: 从“int *”到“int”的指针截断
C:\Users\Vikebt\source\repos\Project004\Random_Access_Memor.cpp(74,49): warning C4302: “类型强制转换”: 从“int *”到“int”截断
C:\Users\Vikebt\source\repos\Project004\Random_Access_Memor.cpp(80,49): warning C4311: “类型强制转换”: 从“int *”到“int”的指针截断
C:\Users\Vikebt\source\repos\Project004\Random_Access_Memor.cpp(80,49): warning C4302: “类型强制转换”: 从“int *”到“int”截断
C:\Users\Vikebt\source\repos\Project004\Random_Access_Memor.cpp(81,49): warning C4311: “类型强制转换”: 从“int *”到“int”的指针截断
C:\Users\Vikebt\source\repos\Project004\Random_Access_Memor.cpp(81,49): warning C4302: “类型强制转换”: 从“int *”到“int”截断
C:\Users\Vikebt\source\repos\Project004\Random_Access_Memor.cpp(85,49): warning C4311: “类型强制转换”: 从“const char (*)[12]”到“int”的指针截断
C:\Users\Vikebt\source\repos\Project004\Random_Access_Memor.cpp(85,49): warning C4302: “类型强制转换”: 从“const char (*)[12]”到“int”截断
C:\Users\Vikebt\source\repos\Project004\Random_Access_Memor.cpp(89,51): warning C4311: “类型强制转换”: 从“const int *”到“int”的指针截断
C:\Users\Vikebt\source\repos\Project004\Random_Access_Memor.cpp(89,51): warning C4302: “类型强制转换”: 从“const int *”到“int”截断
C:\Users\Vikebt\source\repos\Project004\Random_Access_Memor.cpp(90,51): warning C4311: “类型强制转换”: 从“const int *”到“int”的指针截断
C:\Users\Vikebt\source\repos\Project004\Random_Access_Memor.cpp(90,51): warning C4302: “类型强制转换”: 从“const int *”到“int”截断
C:\Users\Vikebt\source\repos\Project004\Random_Access_Memor.cpp(94,51): warning C4311: “类型强制转换”: 从“const int *”到“int”的指针截断
C:\Users\Vikebt\source\repos\Project004\Random_Access_Memor.cpp(94,51): warning C4302: “类型强制转换”: 从“const int *”到“int”截断
C:\Users\Vikebt\source\repos\Project004\Random_Access_Memor.cpp(95,51): warning C4311: “类型强制转换”: 从“const int *”到“int”的指针截断
C:\Users\Vikebt\source\repos\Project004\Random_Access_Memor.cpp(95,51): warning C4302: “类型强制转换”: 从“const int *”到“int”截断
C:\Users\Vikebt\source\repos\Project004\Random_Access_Memor.cpp(17,1): warning C4172: 返回局部变量的地址或临时 : a
  Project004.vcxproj -> C:\Users\Vikebt\source\repos\Project004\x64\Debug\Project004.exe
